{"name": "검색 히스토리 노출", "status": "broken", "statusDetails": {"message": "selenium.common.exceptions.NoSuchElementException: Message: An element could not be located on the page using the given search parameters.; For documentation on this error, please visit: https://www.selenium.dev/documentation/webdriver/troubleshooting/errors#no-such-element-exception\nStacktrace:\nNoSuchElementError: An element could not be located on the page using the given search parameters.\n    at AndroidUiautomator2Driver.findElOrEls (/Applications/Appium Server GUI.app/Contents/Resources/app/node_modules/appium/node_modules/appium-android-driver/lib/commands/find.js:75:11)\n    at processTicksAndRejections (internal/process/task_queues.js:85:5)", "trace": "self = <test_SSG_AOS.TestAppium testMethod=test_case_26>\n\n    @allure.title(\"검색 히스토리 노출\")\n    @allure.description(\"우유 검색 > 특징필터 클릭 > 바텀시트 필터 적용 > 히스토리 노출 확인\")\n    @allure.tag(\"SSG몰\", \"Android\")\n    @allure.severity(Severity.NORMAL)\n    def test_case_26(self) -> None:\n        Common.Splash(self)\n        Common.Search_Milk(self)\n        self.driver.find_element(By.XPATH, '//android.widget.Button[@content-desc=\"특징 필터\"]').click()\n>       self.driver.find_element(By.XPATH, '/hierarchy/android.widget.FrameLayout/android.widget.LinearLayout/android.widget.FrameLayout/android.widget.LinearLayout/android.widget.FrameLayout/android.widget.FrameLayout[3]/android.widget.FrameLayout/android.widget.FrameLayout/android.widget.FrameLayout[1]/android.view.ViewGroup/android.view.ViewGroup/androidx.viewpager.widget.ViewPager/android.widget.FrameLayout/android.widget.FrameLayout[2]/androidx.recyclerview.widget.RecyclerView/androidx.recyclerview.widget.RecyclerView[1]/android.widget.Button[1]').click()\n\ntest_SSG_AOS.py:316: \n_ _ _ _ _ _ _ _ _ _ _ _ _ _ _ _ _ _ _ _ _ _ _ _ _ _ _ _ _ _ _ _ _ _ _ _ _ _ _ _ _ _ _ _ _ _ _ _ _ _ _ _ _ _ _ _ _ _ _ _ _ _\n/Library/Frameworks/Python.framework/Versions/3.11/lib/python3.11/site-packages/appium/webdriver/webdriver.py:381: in find_element\n    return self.execute(RemoteCommand.FIND_ELEMENT, {'using': by, 'value': value})['value']\n/Library/Frameworks/Python.framework/Versions/3.11/lib/python3.11/site-packages/selenium/webdriver/remote/webdriver.py:344: in execute\n    self.error_handler.check_response(response)\n_ _ _ _ _ _ _ _ _ _ _ _ _ _ _ _ _ _ _ _ _ _ _ _ _ _ _ _ _ _ _ _ _ _ _ _ _ _ _ _ _ _ _ _ _ _ _ _ _ _ _ _ _ _ _ _ _ _ _ _ _ _\n\nself = <appium.webdriver.errorhandler.MobileErrorHandler object at 0x107e592d0>\nresponse = {'status': 404, 'value': '{\"value\":{\"error\":\"no such element\",\"message\":\"An element could not be located on the page u...droid-driver/lib/commands/find.js:75:11)\\\\n    at processTicksAndRejections (internal/process/task_queues.js:85:5)\"}}'}\n\n    def check_response(self, response: Dict[str, Any]) -> None:\n        \"\"\"\n        https://www.w3.org/TR/webdriver/#errors\n        \"\"\"\n        payload = response.get('value', '')\n        if isinstance(payload, dict):\n            payload_dict = payload\n        else:\n            try:\n                payload_dict = json.loads(payload)\n            except (json.JSONDecodeError, TypeError):\n                return\n            if not isinstance(payload_dict, dict):\n                return\n        value = payload_dict.get('value')\n        if not isinstance(value, dict):\n            return\n        error = value.get('error')\n        if not error:\n            return\n    \n        message = value.get('message', error)\n        stacktrace = value.get('stacktrace', '')\n        # In theory, we should also be checking HTTP status codes.\n        # Java client, for example, prints a warning if the actual `error`\n        # value does not match to the response's HTTP status code.\n        exception_class: Type[sel_exceptions.WebDriverException] = ERROR_TO_EXC_MAPPING.get(\n            error, sel_exceptions.WebDriverException\n        )\n        if exception_class is sel_exceptions.WebDriverException and message:\n            if message == 'No such context found.':\n                exception_class = appium_exceptions.NoSuchContextException\n            elif message == 'That command could not be executed in the current context.':\n                exception_class = appium_exceptions.InvalidSwitchToTargetException\n    \n        if exception_class is sel_exceptions.UnexpectedAlertPresentException:\n            raise sel_exceptions.UnexpectedAlertPresentException(\n                msg=message,\n                stacktrace=format_stacktrace(stacktrace),\n                alert_text=value.get('data'),\n            )\n>       raise exception_class(msg=message, stacktrace=format_stacktrace(stacktrace))\nE       selenium.common.exceptions.NoSuchElementException: Message: An element could not be located on the page using the given search parameters.; For documentation on this error, please visit: https://www.selenium.dev/documentation/webdriver/troubleshooting/errors#no-such-element-exception\nE       Stacktrace:\nE       NoSuchElementError: An element could not be located on the page using the given search parameters.\nE           at AndroidUiautomator2Driver.findElOrEls (/Applications/Appium Server GUI.app/Contents/Resources/app/node_modules/appium/node_modules/appium-android-driver/lib/commands/find.js:75:11)\nE           at processTicksAndRejections (internal/process/task_queues.js:85:5)\n\n/Library/Frameworks/Python.framework/Versions/3.11/lib/python3.11/site-packages/appium/webdriver/errorhandler.py:125: NoSuchElementException"}, "description": "우유 검색 > 특징필터 클릭 > 바텀시트 필터 적용 > 히스토리 노출 확인", "start": 1704182152307, "stop": 1704182177186, "uuid": "53a0622f-f6b6-44c5-bc86-86b780b6b73a", "historyId": "ec050057c65a977e4f3cd8761a240ce9", "testCaseId": "ec050057c65a977e4f3cd8761a240ce9", "fullName": "test_SSG_AOS.TestAppium#test_case_26", "labels": [{"name": "tag", "value": "SSG몰"}, {"name": "severity", "value": "normal"}, {"name": "tag", "value": "Android"}, {"name": "suite", "value": "test_SSG_AOS"}, {"name": "subSuite", "value": "TestAppium"}, {"name": "host", "value": "SSG-aquinas-ABM-288"}, {"name": "thread", "value": "35126-MainThread"}, {"name": "framework", "value": "pytest"}, {"name": "language", "value": "cpython3"}, {"name": "package", "value": "test_SSG_AOS"}]}